
RCS file: /var/cvsroot/lex-yacc/Makefile,v
Working file: Makefile
head: 1.8
branch:
locks: strict
access list:
symbolic names:
keyword substitution: kv
total revisions: 8;	selected revisions: 8
description:
----------------------------
revision 1.8
date: 2001/05/13 19:07:41;  author: ahu;  state: Exp;  lines: +7 -2
added one big page html
fixed typos
----------------------------
revision 1.7
date: 2001/05/13 11:49:13;  author: ahu;  state: Exp;  lines: +2 -2
Makefile now has proper examples dependency
----------------------------
revision 1.6
date: 2001/05/06 21:26:25;  author: ahu;  state: Exp;  lines: +2 -2
added delete of example7 binary
fixed some tyops
----------------------------
revision 1.5
date: 2001/05/06 00:29:41;  author: ahu;  state: Exp;  lines: +2 -2
we now ignore an existing examples dir
----------------------------
revision 1.4
date: 2001/05/05 23:40:47;  author: ahu;  state: Exp;  lines: +2 -2
lex-yacc-examples duh
----------------------------
revision 1.3
date: 2001/05/05 23:37:40;  author: ahu;  state: Exp;  lines: +11 -3
-lfl -> -ll
html update
----------------------------
revision 1.2
date: 2001/05/05 21:36:47;  author: ahu;  state: Exp;  lines: +3 -1
more content!
----------------------------
revision 1.1
date: 2001/05/05 20:20:57;  author: ahu;  state: Exp;
initial load
=============================================================================

RCS file: /var/cvsroot/lex-yacc/example1.compile,v
Working file: example1.compile
head: 1.2
branch:
locks: strict
access list:
symbolic names:
keyword substitution: kv
total revisions: 2;	selected revisions: 2
description:
----------------------------
revision 1.2
date: 2001/05/05 23:37:40;  author: ahu;  state: Exp;  lines: +1 -1
-lfl -> -ll
html update
----------------------------
revision 1.1
date: 2001/05/05 20:20:57;  author: ahu;  state: Exp;
initial load
=============================================================================

RCS file: /var/cvsroot/lex-yacc/example1.l,v
Working file: example1.l
head: 1.1
branch:
locks: strict
access list:
symbolic names:
keyword substitution: kv
total revisions: 1;	selected revisions: 1
description:
----------------------------
revision 1.1
date: 2001/05/05 20:20:57;  author: ahu;  state: Exp;
initial load
=============================================================================

RCS file: /var/cvsroot/lex-yacc/example2.compile,v
Working file: example2.compile
head: 1.2
branch:
locks: strict
access list:
symbolic names:
keyword substitution: kv
total revisions: 2;	selected revisions: 2
description:
----------------------------
revision 1.2
date: 2001/05/05 23:37:40;  author: ahu;  state: Exp;  lines: +1 -1
-lfl -> -ll
html update
----------------------------
revision 1.1
date: 2001/05/05 20:20:57;  author: ahu;  state: Exp;
initial load
=============================================================================

RCS file: /var/cvsroot/lex-yacc/example2.l,v
Working file: example2.l
head: 1.2
branch:
locks: strict
access list:
symbolic names:
keyword substitution: kv
total revisions: 2;	selected revisions: 2
description:
----------------------------
revision 1.2
date: 2001/05/17 08:05:53;  author: ahu;  state: Exp;  lines: +1 -1
lots and lots of changes by readers
----------------------------
revision 1.1
date: 2001/05/05 20:20:57;  author: ahu;  state: Exp;
initial load
=============================================================================

RCS file: /var/cvsroot/lex-yacc/example3.compile,v
Working file: example3.compile
head: 1.1
branch:
locks: strict
access list:
symbolic names:
keyword substitution: kv
total revisions: 1;	selected revisions: 1
description:
----------------------------
revision 1.1
date: 2001/05/05 23:37:40;  author: ahu;  state: Exp;
-lfl -> -ll
html update
=============================================================================

RCS file: /var/cvsroot/lex-yacc/example3.l,v
Working file: example3.l
head: 1.3
branch:
locks: strict
access list:
symbolic names:
keyword substitution: kv
total revisions: 3;	selected revisions: 3
description:
----------------------------
revision 1.3
date: 2001/05/17 08:05:53;  author: ahu;  state: Exp;  lines: +1 -1
lots and lots of changes by readers
----------------------------
revision 1.2
date: 2001/05/15 13:00:54;  author: ahu;  state: Exp;  lines: +2 -2
Added /* empty */ statements
piece on token values
-lfl -ll warning
comp.compilers reference
----------------------------
revision 1.1
date: 2001/05/05 20:20:57;  author: ahu;  state: Exp;
initial load
=============================================================================

RCS file: /var/cvsroot/lex-yacc/example4.compile,v
Working file: example4.compile
head: 1.1
branch:
locks: strict
access list:
symbolic names:
keyword substitution: kv
total revisions: 1;	selected revisions: 1
description:
----------------------------
revision 1.1
date: 2001/05/05 20:48:01;  author: ahu;  state: Exp;
also
=============================================================================

RCS file: /var/cvsroot/lex-yacc/example4.l,v
Working file: example4.l
head: 1.3
branch:
locks: strict
access list:
symbolic names:
keyword substitution: kv
total revisions: 3;	selected revisions: 3
description:
----------------------------
revision 1.3
date: 2001/05/17 08:05:53;  author: ahu;  state: Exp;  lines: +2 -2
lots and lots of changes by readers
----------------------------
revision 1.2
date: 2001/05/15 13:00:54;  author: ahu;  state: Exp;  lines: +2 -2
Added /* empty */ statements
piece on token values
-lfl -ll warning
comp.compilers reference
----------------------------
revision 1.1
date: 2001/05/05 20:20:57;  author: ahu;  state: Exp;
initial load
=============================================================================

RCS file: /var/cvsroot/lex-yacc/example4.y,v
Working file: example4.y
head: 1.3
branch:
locks: strict
access list:
symbolic names:
keyword substitution: kv
total revisions: 3;	selected revisions: 3
description:
----------------------------
revision 1.3
date: 2001/05/15 13:00:54;  author: ahu;  state: Exp;  lines: +1 -1
Added /* empty */ statements
piece on token values
-lfl -ll warning
comp.compilers reference
----------------------------
revision 1.2
date: 2001/05/13 10:50:10;  author: ahu;  state: Exp;  lines: +1 -1
fixed left/right recursion
----------------------------
revision 1.1
date: 2001/05/05 20:20:57;  author: ahu;  state: Exp;
initial load
=============================================================================

RCS file: /var/cvsroot/lex-yacc/example5.compile,v
Working file: example5.compile
head: 1.1
branch:
locks: strict
access list:
symbolic names:
keyword substitution: kv
total revisions: 1;	selected revisions: 1
description:
----------------------------
revision 1.1
date: 2001/05/05 22:48:50;  author: ahu;  state: Exp;
More files
=============================================================================

RCS file: /var/cvsroot/lex-yacc/example5.l,v
Working file: example5.l
head: 1.4
branch:
locks: strict
access list:
symbolic names:
keyword substitution: kv
total revisions: 4;	selected revisions: 4
description:
----------------------------
revision 1.4
date: 2001/05/17 08:05:53;  author: ahu;  state: Exp;  lines: +2 -2
lots and lots of changes by readers
----------------------------
revision 1.3
date: 2001/05/15 13:00:54;  author: ahu;  state: Exp;  lines: +2 -2
Added /* empty */ statements
piece on token values
-lfl -ll warning
comp.compilers reference
----------------------------
revision 1.2
date: 2001/05/05 21:36:47;  author: ahu;  state: Exp;  lines: +5 -10
more content!
----------------------------
revision 1.1
date: 2001/05/05 20:20:57;  author: ahu;  state: Exp;
initial load
=============================================================================

RCS file: /var/cvsroot/lex-yacc/example5.y,v
Working file: example5.y
head: 1.3
branch:
locks: strict
access list:
symbolic names:
keyword substitution: kv
total revisions: 3;	selected revisions: 3
description:
----------------------------
revision 1.3
date: 2001/05/13 10:50:10;  author: ahu;  state: Exp;  lines: +1 -1
fixed left/right recursion
----------------------------
revision 1.2
date: 2001/05/05 21:36:47;  author: ahu;  state: Exp;  lines: +13 -41
more content!
----------------------------
revision 1.1
date: 2001/05/05 20:20:57;  author: ahu;  state: Exp;
initial load
=============================================================================

RCS file: /var/cvsroot/lex-yacc/example6.compile,v
Working file: example6.compile
head: 1.3
branch:
locks: strict
access list:
symbolic names:
keyword substitution: kv
total revisions: 3;	selected revisions: 3
description:
----------------------------
revision 1.3
date: 2001/05/06 21:19:01;  author: ahu;  state: Exp;  lines: +1 -1
debugging section
section on conflicts
simplified example6, removed conflicts
----------------------------
revision 1.2
date: 2001/05/06 15:22:45;  author: ahu;  state: Exp;  lines: +1 -1
Added example on %union
----------------------------
revision 1.1
date: 2001/05/05 22:48:50;  author: ahu;  state: Exp;
More files
=============================================================================

RCS file: /var/cvsroot/lex-yacc/example6.l,v
Working file: example6.l
head: 1.3
branch:
locks: strict
access list:
symbolic names:
keyword substitution: kv
total revisions: 3;	selected revisions: 3
description:
----------------------------
revision 1.3
date: 2001/05/17 08:05:53;  author: ahu;  state: Exp;  lines: +2 -2
lots and lots of changes by readers
----------------------------
revision 1.2
date: 2001/05/15 13:00:54;  author: ahu;  state: Exp;  lines: +2 -2
Added /* empty */ statements
piece on token values
-lfl -ll warning
comp.compilers reference
----------------------------
revision 1.1
date: 2001/05/05 22:48:50;  author: ahu;  state: Exp;
More files
=============================================================================

RCS file: /var/cvsroot/lex-yacc/example6.y,v
Working file: example6.y
head: 1.4
branch:
locks: strict
access list:
symbolic names:
keyword substitution: kv
total revisions: 4;	selected revisions: 4
description:
----------------------------
revision 1.4
date: 2001/05/13 10:50:10;  author: ahu;  state: Exp;  lines: +3 -3
fixed left/right recursion
----------------------------
revision 1.3
date: 2001/05/06 21:19:02;  author: ahu;  state: Exp;  lines: +17 -22
debugging section
section on conflicts
simplified example6, removed conflicts
----------------------------
revision 1.2
date: 2001/05/06 15:22:45;  author: ahu;  state: Exp;  lines: +1 -1
Added example on %union
----------------------------
revision 1.1
date: 2001/05/05 22:48:50;  author: ahu;  state: Exp;
More files
=============================================================================

RCS file: /var/cvsroot/lex-yacc/example7.compile,v
Working file: example7.compile
head: 1.1
branch:
locks: strict
access list:
symbolic names:
keyword substitution: kv
total revisions: 1;	selected revisions: 1
description:
----------------------------
revision 1.1
date: 2001/05/06 15:22:45;  author: ahu;  state: Exp;
Added example on %union
=============================================================================

RCS file: /var/cvsroot/lex-yacc/example7.l,v
Working file: example7.l
head: 1.3
branch:
locks: strict
access list:
symbolic names:
keyword substitution: kv
total revisions: 3;	selected revisions: 3
description:
----------------------------
revision 1.3
date: 2001/05/17 08:05:53;  author: ahu;  state: Exp;  lines: +3 -3
lots and lots of changes by readers
----------------------------
revision 1.2
date: 2001/05/15 13:00:54;  author: ahu;  state: Exp;  lines: +2 -2
Added /* empty */ statements
piece on token values
-lfl -ll warning
comp.compilers reference
----------------------------
revision 1.1
date: 2001/05/06 15:22:45;  author: ahu;  state: Exp;
Added example on %union
=============================================================================

RCS file: /var/cvsroot/lex-yacc/example7.y,v
Working file: example7.y
head: 1.2
branch:
locks: strict
access list:
symbolic names:
keyword substitution: kv
total revisions: 2;	selected revisions: 2
description:
----------------------------
revision 1.2
date: 2001/05/13 10:50:10;  author: ahu;  state: Exp;  lines: +1 -1
fixed left/right recursion
----------------------------
revision 1.1
date: 2001/05/06 15:22:45;  author: ahu;  state: Exp;
Added example on %union
=============================================================================

RCS file: /var/cvsroot/lex-yacc/index.php3,v
Working file: index.php3
head: 1.11
branch:
locks: strict
access list:
symbolic names:
keyword substitution: kv
total revisions: 11;	selected revisions: 11
description:
----------------------------
revision 1.11
date: 2002/04/20 19:46:46;  author: ahu;  state: Exp;  lines: +17 -13
juh
----------------------------
revision 1.10
date: 2001/05/16 19:10:08;  author: ahu;  state: Exp;  lines: +3 -3
new news
----------------------------
revision 1.9
date: 2001/05/16 18:29:36;  author: ahu;  state: Exp;  lines: +7 -4
added extern YYSTYPE yylval hint
----------------------------
revision 1.8
date: 2001/05/13 19:07:41;  author: ahu;  state: Exp;  lines: +5 -3
added one big page html
fixed typos
----------------------------
revision 1.7
date: 2001/05/13 10:55:49;  author: ahu;  state: Exp;  lines: +5 -4
bumped version number
----------------------------
revision 1.6
date: 2001/05/07 10:23:59;  author: ahu;  state: Exp;  lines: +4 -2
announce changes, change warning a bit
----------------------------
revision 1.5
date: 2001/05/06 16:00:36;  author: ahu;  state: Exp;  lines: +5 -2
warning added
----------------------------
revision 1.4
date: 2001/05/06 15:55:29;  author: ahu;  state: Exp;  lines: +9 -8
huh
----------------------------
revision 1.3
date: 2001/05/06 00:27:05;  author: ahu;  state: Exp;  lines: +5 -4
better announcement
----------------------------
revision 1.2
date: 2001/05/05 23:37:40;  author: ahu;  state: Exp;  lines: +20 -4
-lfl -> -ll
html update
----------------------------
revision 1.1
date: 2001/05/05 21:05:39;  author: ahu;  state: Exp;
added an index file
=============================================================================

RCS file: /var/cvsroot/lex-yacc/lexyacc.m4,v
Working file: lexyacc.m4
head: 1.34
branch:
locks: strict
access list:
symbolic names:
keyword substitution: kv
total revisions: 34;	selected revisions: 34
description:
----------------------------
revision 1.34
date: 2004/09/20 07:14:23;  author: ahu;  state: Exp;  lines: +3 -3
tyop
----------------------------
revision 1.33
date: 2002/04/20 19:46:46;  author: ahu;  state: Exp;  lines: +8 -2
juh
----------------------------
revision 1.32
date: 2001/05/20 19:35:59;  author: ahu;  state: Exp;  lines: +10 -2
Paragraph from Erik
----------------------------
revision 1.31
date: 2001/05/18 10:04:51;  author: ahu;  state: Exp;  lines: +18 -17
more changes
----------------------------
revision 1.30
date: 2001/05/17 08:05:53;  author: ahu;  state: Exp;  lines: +46 -25
lots and lots of changes by readers
----------------------------
revision 1.29
date: 2001/05/16 19:33:36;  author: ahu;  state: Exp;  lines: +3 -3
tyop
----------------------------
revision 1.28
date: 2001/05/16 19:09:53;  author: ahu;  state: Exp;  lines: +7 -5
tiny wording changes
----------------------------
revision 1.27
date: 2001/05/16 18:47:26;  author: ahu;  state: Exp;  lines: +21 -4
More notes
note on extern YYSTYPE yylval
----------------------------
revision 1.26
date: 2001/05/16 18:29:36;  author: ahu;  state: Exp;  lines: +11 -4
added extern YYSTYPE yylval hint
----------------------------
revision 1.25
date: 2001/05/16 18:16:08;  author: ahu;  state: Exp;  lines: +9 -4
left recusion/right
----------------------------
revision 1.24
date: 2001/05/16 15:15:22;  author: ahu;  state: Exp;  lines: +31 -22
lots of fixes
----------------------------
revision 1.23
date: 2001/05/15 13:32:43;  author: ahu;  state: Exp;  lines: +12 -2
added reference papers
----------------------------
revision 1.22
date: 2001/05/15 13:00:54;  author: ahu;  state: Exp;  lines: +80 -8
Added /* empty */ statements
piece on token values
-lfl -ll warning
comp.compilers reference
----------------------------
revision 1.21
date: 2001/05/14 06:18:10;  author: ahu;  state: Exp;  lines: +13 -5
added documentation
----------------------------
revision 1.20
date: 2001/05/13 19:07:41;  author: ahu;  state: Exp;  lines: +4 -3
added one big page html
fixed typos
----------------------------
revision 1.19
date: 2001/05/13 10:55:49;  author: ahu;  state: Exp;  lines: +2 -2
bumped version number
----------------------------
revision 1.18
date: 2001/05/13 10:50:10;  author: ahu;  state: Exp;  lines: +67 -16
fixed left/right recursion
----------------------------
revision 1.17
date: 2001/05/07 12:14:16;  author: ahu;  state: Exp;  lines: +3 -3
silly typo
----------------------------
revision 1.16
date: 2001/05/07 12:06:31;  author: ahu;  state: Exp;  lines: +12 -4
yywrap documented
----------------------------
revision 1.15
date: 2001/05/07 12:01:44;  author: ahu;  state: Exp;  lines: +11 -3
about the bison .info and flex manpages
----------------------------
revision 1.14
date: 2001/05/07 10:22:22;  author: ahu;  state: Exp;  lines: +62 -2
Added C++ chapter
----------------------------
revision 1.13
date: 2001/05/06 21:26:25;  author: ahu;  state: Exp;  lines: +4 -4
added delete of example7 binary
fixed some tyops
----------------------------
revision 1.12
date: 2001/05/06 21:19:02;  author: ahu;  state: Exp;  lines: +154 -50
debugging section
section on conflicts
simplified example6, removed conflicts
----------------------------
revision 1.11
date: 2001/05/06 16:20:14;  author: ahu;  state: Exp;  lines: +30 -6
added additional books
removed spelling errors
----------------------------
revision 1.10
date: 2001/05/06 15:55:29;  author: ahu;  state: Exp;  lines: +4 -4
huh
----------------------------
revision 1.9
date: 2001/05/06 15:22:45;  author: ahu;  state: Exp;  lines: +78 -3
Added example on %union
----------------------------
revision 1.8
date: 2001/05/06 00:51:17;  author: ahu;  state: Exp;  lines: +40 -40
capitalized YACC
----------------------------
revision 1.7
date: 2001/05/06 00:48:51;  author: ahu;  state: Exp;  lines: +5 -5
resolve m4 breakage
----------------------------
revision 1.6
date: 2001/05/06 00:43:44;  author: ahu;  state: Exp;  lines: +4 -4
m4 weirdness
----------------------------
revision 1.5
date: 2001/05/05 23:37:40;  author: ahu;  state: Exp;  lines: +39 -14
-lfl -> -ll
html update
----------------------------
revision 1.4
date: 2001/05/05 22:48:30;  author: ahu;  state: Exp;  lines: +155 -4
more stuff
----------------------------
revision 1.3
date: 2001/05/05 21:36:47;  author: ahu;  state: Exp;  lines: +86 -12
more content!
----------------------------
revision 1.2
date: 2001/05/05 20:46:52;  author: ahu;  state: Exp;  lines: +95 -3
more stuff
----------------------------
revision 1.1
date: 2001/05/05 20:20:57;  author: ahu;  state: Exp;
initial load
=============================================================================
